  MyForm.cpp
D:\С++ 2\Лаба 9 колбасить многоугольник\MyForm.h(611,33): warning C4244: аргумент: преобразование "double" в "float", возможна потеря данных
D:\С++ 2\Лаба 9 колбасить многоугольник\MyForm.h(612,33): warning C4244: аргумент: преобразование "double" в "float", возможна потеря данных
D:\С++ 2\Лаба 9 колбасить многоугольник\MyForm.h(630,14): warning C4244: аргумент: преобразование "time_t" в "unsigned int", возможна потеря данных
D:\С++ 2\Лаба 9 колбасить многоугольник\MyForm.h(671,13): warning C4244: аргумент: преобразование "double" в "float", возможна потеря данных
D:\С++ 2\Лаба 9 колбасить многоугольник\MyForm.h(677,30): warning C4244: аргумент: преобразование "double" в "float", возможна потеря данных
D:\С++ 2\Лаба 9 колбасить многоугольник\MyForm.h(683,10): warning C4244: аргумент: преобразование "double" в "float", возможна потеря данных
D:\С++ 2\Лаба 9 колбасить многоугольник\MyForm.h(689,27): warning C4244: аргумент: преобразование "double" в "float", возможна потеря данных
D:\С++ 2\Лаба 9 колбасить многоугольник\MyForm.h(707,63): warning C4244: аргумент: преобразование "double" в "float", возможна потеря данных
D:\С++ 2\Лаба 9 колбасить многоугольник\MyForm.h(707,27): warning C4244: аргумент: преобразование "double" в "float", возможна потеря данных
D:\С++ 2\Лаба 9 колбасить многоугольник\MyForm.h(714,52): warning C4244: аргумент: преобразование "double" в "float", возможна потеря данных
D:\С++ 2\Лаба 9 колбасить многоугольник\MyForm.h(714,12): warning C4244: аргумент: преобразование "double" в "float", возможна потеря данных
D:\С++ 2\Лаба 9 колбасить многоугольник\MyForm.h(721,28): warning C4244: аргумент: преобразование "int" в "float", возможна потеря данных
D:\С++ 2\Лаба 9 колбасить многоугольник\MyForm.h(722,28): warning C4244: аргумент: преобразование "int" в "float", возможна потеря данных
D:\С++ 2\Лаба 9 колбасить многоугольник\MyForm.h(737,43): warning C4244: аргумент: преобразование "double" в "float", возможна потеря данных
D:\С++ 2\Лаба 9 колбасить многоугольник\MyForm.h(742,43): warning C4244: аргумент: преобразование "double" в "float", возможна потеря данных
  main.cpp
D:\С++ 2\Лаба 9 колбасить многоугольник\MyForm.h(611,33): warning C4244: аргумент: преобразование "double" в "float", возможна потеря данных
D:\С++ 2\Лаба 9 колбасить многоугольник\MyForm.h(612,33): warning C4244: аргумент: преобразование "double" в "float", возможна потеря данных
D:\С++ 2\Лаба 9 колбасить многоугольник\MyForm.h(630,14): warning C4244: аргумент: преобразование "time_t" в "unsigned int", возможна потеря данных
D:\С++ 2\Лаба 9 колбасить многоугольник\MyForm.h(671,13): warning C4244: аргумент: преобразование "double" в "float", возможна потеря данных
D:\С++ 2\Лаба 9 колбасить многоугольник\MyForm.h(677,30): warning C4244: аргумент: преобразование "double" в "float", возможна потеря данных
D:\С++ 2\Лаба 9 колбасить многоугольник\MyForm.h(683,10): warning C4244: аргумент: преобразование "double" в "float", возможна потеря данных
D:\С++ 2\Лаба 9 колбасить многоугольник\MyForm.h(689,27): warning C4244: аргумент: преобразование "double" в "float", возможна потеря данных
D:\С++ 2\Лаба 9 колбасить многоугольник\MyForm.h(707,63): warning C4244: аргумент: преобразование "double" в "float", возможна потеря данных
D:\С++ 2\Лаба 9 колбасить многоугольник\MyForm.h(707,27): warning C4244: аргумент: преобразование "double" в "float", возможна потеря данных
D:\С++ 2\Лаба 9 колбасить многоугольник\MyForm.h(714,52): warning C4244: аргумент: преобразование "double" в "float", возможна потеря данных
D:\С++ 2\Лаба 9 колбасить многоугольник\MyForm.h(714,12): warning C4244: аргумент: преобразование "double" в "float", возможна потеря данных
D:\С++ 2\Лаба 9 колбасить многоугольник\MyForm.h(721,28): warning C4244: аргумент: преобразование "int" в "float", возможна потеря данных
D:\С++ 2\Лаба 9 колбасить многоугольник\MyForm.h(722,28): warning C4244: аргумент: преобразование "int" в "float", возможна потеря данных
D:\С++ 2\Лаба 9 колбасить многоугольник\MyForm.h(737,43): warning C4244: аргумент: преобразование "double" в "float", возможна потеря данных
D:\С++ 2\Лаба 9 колбасить многоугольник\MyForm.h(742,43): warning C4244: аргумент: преобразование "double" в "float", возможна потеря данных
  Создание кода...
  main.obj : обнаружен модуль MSIL; для MSIL последовательная компоновка отключена; выполняется полная компоновка
  Лаба 8.vcxproj -> D:\С++ 2\Лаба 9 колбасить многоугольник\x64\Debug\Лаба 8.exe
