  MyForm.cpp
D:\С++ 2\График\График\MyForm.h(778,41): warning C4244: аргумент: преобразование "double" в "int", возможна потеря данных
D:\С++ 2\График\График\MyForm.h(778,24): warning C4244: аргумент: преобразование "double" в "int", возможна потеря данных
D:\С++ 2\График\График\MyForm.h(791,14): warning C4244: инициализация: преобразование "double" в "int", возможна потеря данных
D:\С++ 2\График\График\MyForm.h(798,26): warning C4244: =: преобразование "double" в "int", возможна потеря данных
D:\С++ 2\График\График\MyForm.h(808,59): warning C4244: аргумент: преобразование "int" в "float", возможна потеря данных
D:\С++ 2\График\График\MyForm.h(808,46): warning C4244: аргумент: преобразование "int" в "float", возможна потеря данных
D:\С++ 2\График\График\MyForm.h(813,60): warning C4244: аргумент: преобразование "int" в "float", возможна потеря данных
D:\С++ 2\График\График\MyForm.h(813,47): warning C4244: аргумент: преобразование "int" в "float", возможна потеря данных
D:\С++ 2\График\График\MyForm.h(820,53): warning C4244: аргумент: преобразование "int" в "float", возможна потеря данных
D:\С++ 2\График\График\MyForm.h(820,39): warning C4244: аргумент: преобразование "int" в "float", возможна потеря данных
D:\С++ 2\График\График\MyForm.h(825,54): warning C4244: аргумент: преобразование "int" в "float", возможна потеря данных
D:\С++ 2\График\График\MyForm.h(825,40): warning C4244: аргумент: преобразование "int" в "float", возможна потеря данных
D:\С++ 2\График\График\MyForm.h(906,57): warning C4244: аргумент: преобразование "int" в "float", возможна потеря данных
D:\С++ 2\График\График\MyForm.h(907,49): warning C4244: аргумент: преобразование "int" в "float", возможна потеря данных
D:\С++ 2\График\График\MyForm.h(925,28): warning C4244: аргумент: преобразование "double" в "int", возможна потеря данных
D:\С++ 2\График\График\MyForm.h(925,22): warning C4244: аргумент: преобразование "double" в "int", возможна потеря данных
D:\С++ 2\График\График\MyForm.h(943,44): warning C4244: аргумент: преобразование "double" в "int", возможна потеря данных
D:\С++ 2\График\График\MyForm.h(943,25): warning C4244: аргумент: преобразование "double" в "int", возможна потеря данных
  Source.cpp
D:\С++ 2\График\График\MyForm.h(778,41): warning C4244: аргумент: преобразование "double" в "int", возможна потеря данных
D:\С++ 2\График\График\MyForm.h(778,24): warning C4244: аргумент: преобразование "double" в "int", возможна потеря данных
D:\С++ 2\График\График\MyForm.h(791,14): warning C4244: инициализация: преобразование "double" в "int", возможна потеря данных
D:\С++ 2\График\График\MyForm.h(798,26): warning C4244: =: преобразование "double" в "int", возможна потеря данных
D:\С++ 2\График\График\MyForm.h(808,59): warning C4244: аргумент: преобразование "int" в "float", возможна потеря данных
D:\С++ 2\График\График\MyForm.h(808,46): warning C4244: аргумент: преобразование "int" в "float", возможна потеря данных
D:\С++ 2\График\График\MyForm.h(813,60): warning C4244: аргумент: преобразование "int" в "float", возможна потеря данных
D:\С++ 2\График\График\MyForm.h(813,47): warning C4244: аргумент: преобразование "int" в "float", возможна потеря данных
D:\С++ 2\График\График\MyForm.h(820,53): warning C4244: аргумент: преобразование "int" в "float", возможна потеря данных
D:\С++ 2\График\График\MyForm.h(820,39): warning C4244: аргумент: преобразование "int" в "float", возможна потеря данных
D:\С++ 2\График\График\MyForm.h(825,54): warning C4244: аргумент: преобразование "int" в "float", возможна потеря данных
D:\С++ 2\График\График\MyForm.h(825,40): warning C4244: аргумент: преобразование "int" в "float", возможна потеря данных
D:\С++ 2\График\График\MyForm.h(906,57): warning C4244: аргумент: преобразование "int" в "float", возможна потеря данных
D:\С++ 2\График\График\MyForm.h(907,49): warning C4244: аргумент: преобразование "int" в "float", возможна потеря данных
D:\С++ 2\График\График\MyForm.h(925,28): warning C4244: аргумент: преобразование "double" в "int", возможна потеря данных
D:\С++ 2\График\График\MyForm.h(925,22): warning C4244: аргумент: преобразование "double" в "int", возможна потеря данных
D:\С++ 2\График\График\MyForm.h(943,44): warning C4244: аргумент: преобразование "double" в "int", возможна потеря данных
D:\С++ 2\График\График\MyForm.h(943,25): warning C4244: аргумент: преобразование "double" в "int", возможна потеря данных
  Создание кода...
D:\С++ 2\График\График\MyForm.h(974): warning C4715: График::MyForm::ProtectTbYmin: значение возвращается не при всех путях выполнения
D:\С++ 2\График\График\MyForm.h(974): warning C4715: График::MyForm::ProtectTbYmin: значение возвращается не при всех путях выполнения
  MyForm.obj : обнаружен модуль MSIL; для MSIL последовательная компоновка отключена; выполняется полная компоновка
  График.vcxproj -> D:\С++ 2\График\Debug\График.exe
